\BOOKMARK [1][-]{section.1}{\376\377\124\004\152\041\127\127\213\276\213\241\155\101\172\013\173\200\211\201\143\317\217\360}{}% 1
\BOOKMARK [2][-]{subsection.1.1}{\376\377\000A\000D\000D\000C\152\041\142\337\152\041\127\127\213\276\213\241\213\364\146\016}{section.1}% 2
\BOOKMARK [3][-]{subsubsection.1.1.1}{\376\377\122\237\200\375\151\202\217\360}{subsection.1.1}% 3
\BOOKMARK [3][-]{subsubsection.1.1.2}{\376\377\174\373\176\337\147\266\147\204\213\276\213\241}{subsection.1.1}% 4
\BOOKMARK [3][-]{subsubsection.1.1.3}{\376\377\121\163\225\056\142\200\147\057\133\236\163\260}{subsection.1.1}% 5
\BOOKMARK [3][-]{subsubsection.1.1.4}{\376\377\140\047\200\375\143\007\150\007}{subsection.1.1}% 6
\BOOKMARK [3][-]{subsubsection.1.1.5}{\376\377\165\050\142\067\165\114\227\142\213\276\213\241}{subsection.1.1}% 7
\BOOKMARK [3][-]{subsubsection.1.1.6}{\376\377\174\373\176\337\162\171\202\162}{subsection.1.1}% 8
\BOOKMARK [2][-]{subsection.1.2}{\376\377\220\032\117\341\177\026\170\001\116\016\123\117\213\256\133\236\163\260\116\016\211\343\213\321\122\237\200\375\151\202\217\360}{section.1}% 9
\BOOKMARK [3][-]{subsubsection.1.2.1}{\376\377\174\373\176\337\147\266\147\204\213\276\213\241}{subsection.1.2}% 10
\BOOKMARK [3][-]{subsubsection.1.2.2}{\376\377\121\163\225\056\142\200\147\057\133\236\163\260}{subsection.1.2}% 11
\BOOKMARK [3][-]{subsubsection.1.2.3}{\376\377\140\047\200\375\143\007\150\007}{subsection.1.2}% 12
\BOOKMARK [3][-]{subsubsection.1.2.4}{\376\377\165\050\142\067\165\114\227\142\213\276\213\241}{subsection.1.2}% 13
\BOOKMARK [3][-]{subsubsection.1.2.5}{\376\377\174\373\176\337\162\171\202\162}{subsection.1.2}% 14
\BOOKMARK [2][-]{subsection.1.3}{\376\377\152\041\142\337\117\040\217\223\377\014\214\003\122\066\211\343\214\003\152\041\127\127\213\364\146\016}{section.1}% 15
\BOOKMARK [3][-]{subsubsection.1.3.1}{\376\377\122\237\200\375\151\202\217\360}{subsection.1.3}% 16
\BOOKMARK [3][-]{subsubsection.1.3.2}{\376\377\174\373\176\337\147\266\147\204\213\276\213\241}{subsection.1.3}% 17
\BOOKMARK [3][-]{subsubsection.1.3.3}{\376\377\121\163\225\056\142\200\147\057\133\236\163\260}{subsection.1.3}% 18
\BOOKMARK [3][-]{subsubsection.1.3.4}{\376\377\140\047\200\375\143\007\150\007}{subsection.1.3}% 19
\BOOKMARK [3][-]{subsubsection.1.3.5}{\376\377\165\050\142\067\165\114\227\142\213\276\213\241}{subsection.1.3}% 20
\BOOKMARK [3][-]{subsubsection.1.3.6}{\376\377\174\373\176\337\162\171\202\162}{subsection.1.3}% 21
\BOOKMARK [2][-]{subsection.1.4}{\376\377\154\342\147\137\131\015\165\050\116\016\173\241\164\006\152\041\127\127\213\364\146\016}{section.1}% 22
\BOOKMARK [3][-]{subsubsection.1.4.1}{\376\377\122\237\200\375\151\202\217\360}{subsection.1.4}% 23
\BOOKMARK [3][-]{subsubsection.1.4.2}{\376\377\174\373\176\337\147\266\147\204\213\276\213\241}{subsection.1.4}% 24
\BOOKMARK [3][-]{subsubsection.1.4.3}{\376\377\121\163\225\056\142\200\147\057\133\236\163\260}{subsection.1.4}% 25
\BOOKMARK [3][-]{subsubsection.1.4.4}{\376\377\140\047\200\375\143\007\150\007}{subsection.1.4}% 26
\BOOKMARK [3][-]{subsubsection.1.4.5}{\376\377\165\050\142\067\165\114\227\142\213\276\213\241}{subsection.1.4}% 27
\BOOKMARK [3][-]{subsubsection.1.4.6}{\376\377\174\373\176\337\162\171\202\162}{subsection.1.4}% 28
\BOOKMARK [1][-]{section.2}{\376\377\145\164\117\123\140\073\176\323}{}% 29
\BOOKMARK [2][-]{subsection.2.1}{\376\377\174\373\176\337\147\266\147\204}{section.2}% 30
\BOOKMARK [3][-]{subsubsection.2.1.1}{\376\377\145\164\117\123\147\266\147\204}{subsection.2.1}% 31
\BOOKMARK [2][-]{subsection.2.2}{\376\377\174\373\176\337\162\171\202\162}{section.2}% 32
\BOOKMARK [1][-]{section.3}{\376\377\133\236\232\214\176\323\147\234}{}% 33
\BOOKMARK [2][-]{subsection.3.1}{\376\377\152\041\127\127\116\000\176\323\147\234}{section.3}% 34
\BOOKMARK [3][-]{subsubsection.3.1.1}{\376\377\116\011\211\322\154\342\137\142\377\010\000T\000r\000i\000a\000n\000g\000l\000e\000\040\000W\000a\000v\000e\377\011}{subsection.3.1}% 35
\BOOKMARK [3][-]{subsubsection.3.1.2}{\376\377\153\143\137\046\154\342\137\142\377\010\000S\000i\000n\000e\000\040\000W\000a\000v\000e\377\011}{subsection.3.1}% 36
\BOOKMARK [3][-]{subsubsection.3.1.3}{\376\377\145\271\154\342\137\142\377\010\000S\000q\000u\000a\000r\000e\000\040\000W\000a\000v\000e\377\011}{subsection.3.1}% 37
\BOOKMARK [1][-]{section.4}{\376\377\133\236\232\214\217\307\172\013\116\055\220\107\122\060\166\204\225\356\230\230\123\312\121\166\211\343\121\263\122\236\154\325}{}% 38
\BOOKMARK [2][-]{subsection.4.1}{\376\377\126\376\137\142\165\114\227\142\122\067\145\260\145\110\163\207\117\116\116\013}{section.4}% 39
\BOOKMARK [2][-]{subsection.4.2}{\376\377\136\162\142\160\150\300\155\113\160\165\145\117\136\246\214\003\145\164\226\276\230\230}{section.4}% 40
\BOOKMARK [2][-]{subsection.4.3}{\376\377\156\321\127\127\116\213\116\366\124\315\136\224\217\307\116\216\230\221\176\101}{section.4}% 41
\BOOKMARK [2][-]{subsection.4.4}{\376\377\116\055\145\207\133\127\117\123\146\076\171\072\116\161\170\001\225\356\230\230}{section.4}% 42
\BOOKMARK [2][-]{subsection.4.5}{\376\377\131\032\152\041\127\127\225\364\145\160\143\156\124\014\153\145\225\356\230\230}{section.4}% 43
